<?xml version="1.0" encoding="UTF-8"?>
<testsuite xmlns:xsi="http://www.w3.org/2001/XMLSchema-instance" xsi:noNamespaceSchemaLocation="https://maven.apache.org/surefire/maven-surefire-plugin/xsd/surefire-test-report.xsd" name="com.mulesoft.training.HelloMavenTest" time="10.519" tests="2" errors="0" skipped="0" failures="1">
  <properties>
[...]
</properties>
  <testcase name="mavenFlowReturnsHelloMaven" classname="com.mulesoft.training.HelloMavenTest" time="7.578"/>
  <testcase name="retrieveFlightsAddsAppropriateHeader" classname="com.mulesoft.training.HelloMavenTest" time="1.937">
    <failure message="expected:&lt;application/json&gt; but was:&lt;null&gt;" type="java.lang.AssertionError"><![CDATA[java.lang.AssertionError: expected:<application/json> but was:<null>
	at com.mulesoft.training.HelloMavenTest.retrieveFlightsAddsAppropriateHeader(HelloMavenTest.java:20)
]]></failure>
    <system-out><![CDATA[
================================================================================
= Testing: retrieveFlightsAddsAppropriateHeader                                =
================================================================================
INFO  2018-06-25 14:47:17,449 [Time-limited test] org.mule.tck.junit4.AbstractMuleContextTestCase: Using working directory for test: C:\Temp\junit8117824010056215498
INFO  2018-06-25 14:47:17,465 [Time-limited test] org.mule.lifecycle.AbstractLifecycleManager: Initialising RegistryBroker
INFO  2018-06-25 14:47:17,465 [Time-limited test] org.mule.config.spring.MuleArtifactContext: Refreshing org.mule.config.spring.MuleArtifactContext@4d63853e: startup date [Mon Jun 25 14:47:17 CEST 2018]; root of context hierarchy
INFO  2018-06-25 14:47:17,730 [Time-limited test] org.mule.config.spring.processors.NoDevkitInjectorProcessor: JSR-330 'javax.inject.Inject' annotation found and supported for autowiring
WARN  2018-06-25 14:47:17,761 [Time-limited test] org.mule.expression.DefaultExpressionManager: Expression string is not an expression.  Use isExpression(String) to validate first
WARN  2018-06-25 14:47:17,761 [Time-limited test] org.mule.expression.DefaultExpressionManager: Expression string is not an expression.  Use isExpression(String) to validate first
INFO  2018-06-25 14:47:17,901 [Time-limited test] org.mule.util.journal.TransactionJournal: Using files for tx logs C:\Temp\junit8117824010056215498\queue-tx-log\tx1.log and C:\Temp\junit8117824010056215498\queue-tx-log\tx2.log
INFO  2018-06-25 14:47:17,901 [Time-limited test] org.mule.util.journal.TransactionJournal: Using files for tx logs C:\Temp\junit8117824010056215498\queue-xa-tx-log\tx1.log and C:\Temp\junit8117824010056215498\queue-xa-tx-log\tx2.log
INFO  2018-06-25 14:47:17,901 [Time-limited test] org.mule.lifecycle.AbstractLifecycleManager: Initialising connector: Active_MQ
INFO  2018-06-25 14:47:17,917 [Time-limited test] org.mule.lifecycle.AbstractLifecycleManager: Initialising model: _muleSystemModel
INFO  2018-06-25 14:47:17,917 [Time-limited test] org.mule.construct.FlowConstructLifecycleManager: Initialising flow: mavenFlow
INFO  2018-06-25 14:47:17,917 [Time-limited test] org.mule.exception.DefaultMessagingExceptionStrategy: Initialising exception listener: org.mule.exception.DefaultMessagingExceptionStrategy@489b17d1
INFO  2018-06-25 14:47:17,933 [Time-limited test] org.mule.processor.SedaStageLifecycleManager: Initialising service: mavenFlow.stage1
INFO  2018-06-25 14:47:17,933 [Time-limited test] org.mule.construct.FlowConstructLifecycleManager: Initialising flow: retrieveFlights
INFO  2018-06-25 14:47:17,933 [Time-limited test] org.mule.exception.DefaultMessagingExceptionStrategy: Initialising exception listener: org.mule.exception.DefaultMessagingExceptionStrategy@63dc16cb
INFO  2018-06-25 14:47:17,933 [Time-limited test] org.mule.processor.SedaStageLifecycleManager: Initialising service: retrieveFlights.stage1
INFO  2018-06-25 14:47:17,933 [Time-limited test] org.mule.construct.FlowConstructLifecycleManager: Initialising flow: logFlights
INFO  2018-06-25 14:47:17,933 [Time-limited test] org.mule.exception.DefaultMessagingExceptionStrategy: Initialising exception listener: org.mule.exception.DefaultMessagingExceptionStrategy@750317af
INFO  2018-06-25 14:47:17,948 [Time-limited test] org.mule.processor.SedaStageLifecycleManager: Initialising service: logFlights.stage1
INFO  2018-06-25 14:47:17,964 [Time-limited test] org.mule.config.spring.SpringXmlConfigurationBuilder: Configured Mule using "org.mule.config.spring.SpringXmlConfigurationBuilder" with configuration resource(s): "[ConfigResource{resourceName='maven-project.xml'}]"
INFO  2018-06-25 14:47:17,964 [Time-limited test] org.mule.util.queue.QueueXaResourceManager: Starting ResourceManager
INFO  2018-06-25 14:47:17,964 [Time-limited test] org.mule.util.queue.QueueXaResourceManager: Started ResourceManager
INFO  2018-06-25 14:47:17,995 [Time-limited test] org.mule.module.http.internal.listener.DefaultHttpListenerConfig: Listening for requests on http://0.0.0.0:8082
WARN  2018-06-25 14:47:18,057 [Time-limited test] org.apache.activemq.broker.BrokerService: Store limit is 102400 mb (current store usage is 0 mb). The data directory: C:\Users\ng6cd71\Documents\Venu\Mule\Airbus_training\Advanced_3.8_ws\maven-project\activemq-data\localhost\KahaDB only has 21872 mb of usable space. - resetting to maximum available disk space: 21872 mb
WARN  2018-06-25 14:47:18,073 [Time-limited test] org.apache.activemq.broker.BrokerService: Temporary Store limit is 51200 mb (current store usage is 0 mb). The data directory: C:\Users\ng6cd71\Documents\Venu\Mule\Airbus_training\Advanced_3.8_ws\maven-project\activemq-data\localhost only has 21872 mb of usable space. - resetting to maximum available disk space: 21872 mb
INFO  2018-06-25 14:47:18,120 [Time-limited test] org.mule.transport.jms.activemq.ActiveMQJmsConnector: Connected: ActiveMQJmsConnector
{
  name=Active_MQ
  lifecycle=initialise
  this=47b88249
  numberOfConcurrentTransactedReceivers=4
  createMultipleTransactedReceivers=true
  connected=true
  supportedProtocols=[jms]
  serviceOverrides=<none>
}

INFO  2018-06-25 14:47:18,120 [Time-limited test] org.mule.transport.jms.activemq.ActiveMQJmsConnector: Starting: ActiveMQJmsConnector
{
  name=Active_MQ
  lifecycle=initialise
  this=47b88249
  numberOfConcurrentTransactedReceivers=4
  createMultipleTransactedReceivers=true
  connected=true
  supportedProtocols=[jms]
  serviceOverrides=<none>
}

INFO  2018-06-25 14:47:18,120 [Time-limited test] org.mule.lifecycle.AbstractLifecycleManager: Starting connector: Active_MQ
INFO  2018-06-25 14:47:18,120 [Time-limited test] org.mule.lifecycle.AbstractLifecycleManager: Starting model: _muleSystemModel
INFO  2018-06-25 14:47:18,135 [Time-limited test] org.mule.construct.FlowConstructLifecycleManager: Starting flow: mavenFlow
INFO  2018-06-25 14:47:18,135 [Time-limited test] org.mule.processor.SedaStageLifecycleManager: Starting service: mavenFlow.stage1
INFO  2018-06-25 14:47:18,135 [Time-limited test] org.mule.construct.FlowConstructLifecycleManager: Starting flow: retrieveFlights
INFO  2018-06-25 14:47:18,135 [Time-limited test] org.mule.processor.SedaStageLifecycleManager: Starting service: retrieveFlights.stage1
INFO  2018-06-25 14:47:18,151 [Time-limited test] org.mule.construct.FlowConstructLifecycleManager: Starting flow: logFlights
INFO  2018-06-25 14:47:18,151 [Time-limited test] org.mule.processor.SedaStageLifecycleManager: Starting service: logFlights.stage1
INFO  2018-06-25 14:47:18,182 [Time-limited test] org.mule.transport.jms.activemq.ActiveMQJmsConnector: Registering listener: logFlights on endpointUri: jms://flights
INFO  2018-06-25 14:47:18,182 [Time-limited test] org.mule.transport.service.DefaultTransportServiceDescriptor: Loading default inbound transformer: org.mule.transport.jms.transformers.JMSMessageToObject
INFO  2018-06-25 14:47:18,182 [Time-limited test] org.mule.transport.service.DefaultTransportServiceDescriptor: Loading default response transformer: org.mule.transport.jms.transformers.ObjectToJMSMessage
INFO  2018-06-25 14:47:18,182 [Time-limited test] org.mule.lifecycle.AbstractLifecycleManager: Initialising: 'null'. Object is: MultiConsumerJmsMessageReceiver
INFO  2018-06-25 14:47:18,182 [Time-limited test] org.mule.transport.jms.MultiConsumerJmsMessageReceiver: Connecting clusterizable message receiver
INFO  2018-06-25 14:47:18,229 [Time-limited test] org.mule.transport.jms.MultiConsumerJmsMessageReceiver: Endpoint jms://flights has been successfully reconnected.
INFO  2018-06-25 14:47:18,260 [Time-limited test] org.mule.lifecycle.AbstractLifecycleManager: Starting: 'null'. Object is: MultiConsumerJmsMessageReceiver
INFO  2018-06-25 14:47:18,260 [Time-limited test] org.mule.transport.jms.MultiConsumerJmsMessageReceiver: Starting clusterizable message receiver
INFO  2018-06-25 14:47:18,260 [Time-limited test] org.mule.DefaultMuleContext: 
**********************************************************************
* Mule Runtime and Integration Platform                              *
* Version: 3.9.0 Build: 5ed22e1e                                     *
* MuleSoft, Inc.                                                     *
* For more information go to http://www.mulesoft.org                 *
*                                                                    *
* Server started: 25/06/18 14:47                                     *
* Server ID: e479bb90-7875-11e8-bb60-40b034e2ca1c                    *
* JDK: 1.8.0_77 (mixed mode)                                         *
* OS encoding: Cp1252, Mule encoding: UTF-8                          *
* OS: Windows 7 - Service Pack 1 (6.1, amd64)                        *
* Host: TOLX302008700 (44.10.76.210)                                 *
*                                                                    *
* Agents Running: None                                               *
**********************************************************************
WARN  2018-06-25 14:47:18,260 [Time-limited test] org.mule.model.seda.SedaModel: The <model> element is deprecated in Mule 3.4 and will be removed in Mule 4.0.  Flows do not need to be configured inside a <model> element. 
INFO  2018-06-25 14:47:18,260 [Time-limited test] org.mule.lifecycle.AbstractLifecycleManager: Initialising model: main
INFO  2018-06-25 14:47:18,260 [Time-limited test] org.mule.lifecycle.AbstractLifecycleManager: Starting model: main
WARN  2018-06-25 14:47:18,276 [Time-limited test] org.mule.model.seda.SedaService: Services (SedaService or any custom implementation) are deprecated in Mule 3.4 and will be removed in Mule 4.0. 
INFO  2018-06-25 14:47:18,276 [Time-limited test] org.mule.service.ServiceLifecycleManager: Initialising service: appleService
INFO  2018-06-25 14:47:18,276 [Time-limited test] org.mule.exception.DefaultMessagingExceptionStrategy: Initialising exception listener: org.mule.exception.DefaultMessagingExceptionStrategy@18067a66
INFO  2018-06-25 14:47:18,276 [Time-limited test] org.mule.component.ComponentLifecycleManager: Initialising component: component.1835831275
INFO  2018-06-25 14:47:18,276 [Time-limited test] org.mule.processor.SedaStageLifecycleManager: Initialising service: appleService
INFO  2018-06-25 14:47:18,276 [Time-limited test] org.mule.service.ServiceLifecycleManager: Starting service: appleService
INFO  2018-06-25 14:47:18,276 [Time-limited test] org.mule.component.ComponentLifecycleManager: Starting component: component.1835831275
INFO  2018-06-25 14:47:18,276 [Time-limited test] org.mule.processor.SedaStageLifecycleManager: Starting service: appleService
INFO  2018-06-25 14:47:18,276 [Time-limited test] org.mule.lifecycle.AbstractLifecycleManager: Initialising connector: testConnector
INFO  2018-06-25 14:47:18,338 [Time-limited test] org.mule.tck.testmodels.mule.TestConnector: Connected: TestConnector
{
  name=testConnector
  lifecycle=initialise
  this=2963d1c2
  numberOfConcurrentTransactedReceivers=4
  createMultipleTransactedReceivers=true
  connected=true
  supportedProtocols=[test]
  serviceOverrides=<none>
}

INFO  2018-06-25 14:47:18,338 [Time-limited test] org.mule.tck.testmodels.mule.TestConnector: Starting: TestConnector
{
  name=testConnector
  lifecycle=initialise
  this=2963d1c2
  numberOfConcurrentTransactedReceivers=4
  createMultipleTransactedReceivers=true
  connected=true
  supportedProtocols=[test]
  serviceOverrides=<none>
}

INFO  2018-06-25 14:47:18,338 [Time-limited test] org.mule.lifecycle.AbstractLifecycleManager: Starting connector: testConnector
INFO  2018-06-25 14:47:18,620 [Time-limited test] org.mule.transport.service.DefaultTransportServiceDescriptor: Loading default outbound transformer: org.mule.transport.jms.transformers.ObjectToJMSMessage
INFO  2018-06-25 14:47:18,620 [Time-limited test] org.mule.transport.service.DefaultTransportServiceDescriptor: Loading default response transformer: org.mule.transport.jms.transformers.ObjectToJMSMessage
WARN  2018-06-25 14:47:18,620 [Time-limited test] com.mulesoft.mule.transport.jms.EeJmsMessageDispatcher: Starting patched JmsMessageReceiver
INFO  2018-06-25 14:47:18,620 [Time-limited test] org.mule.lifecycle.AbstractLifecycleManager: Initialising: 'Active_MQ.dispatcher.269751168'. Object is: EeJmsMessageDispatcher
INFO  2018-06-25 14:47:18,620 [Time-limited test] org.mule.lifecycle.AbstractLifecycleManager: Starting: 'Active_MQ.dispatcher.269751168'. Object is: EeJmsMessageDispatcher
INFO  2018-06-25 14:47:18,651 [Time-limited test] org.mule.construct.FlowConstructLifecycleManager: Stopping flow: mavenFlow
INFO  2018-06-25 14:47:18,651 [Time-limited test] org.mule.processor.SedaStageLifecycleManager: Stopping service: mavenFlow.stage1
INFO  2018-06-25 14:47:18,714 [logFlights.stage1.02] org.mule.api.processor.LoggerMessageProcessor: [{"DESTINATION":"SFO","PRICE":555,"ORIGIN":"YYZ","ID":0},{"DESTINATION":"LAX","PRICE":450,"ORIGIN":"YYZ","ID":1},{"DESTINATION":"SEA","PRICE":777,"ORIGIN":"SQL","ID":2},{"DESTINATION":"SFO","PRICE":999,"ORIGIN":"SQL","ID":3}]
INFO  2018-06-25 14:47:18,838 [Time-limited test] org.mule.construct.FlowConstructLifecycleManager: Stopping flow: retrieveFlights
INFO  2018-06-25 14:47:18,838 [Time-limited test] org.mule.processor.SedaStageLifecycleManager: Stopping service: retrieveFlights.stage1
INFO  2018-06-25 14:47:19,026 [Time-limited test] org.mule.construct.FlowConstructLifecycleManager: Stopping flow: logFlights
INFO  2018-06-25 14:47:19,026 [Time-limited test] org.mule.transport.jms.activemq.ActiveMQJmsConnector: Removing listener on endpointUri: jms://flights
INFO  2018-06-25 14:47:19,026 [Time-limited test] org.mule.lifecycle.AbstractLifecycleManager: Stopping: 'null'. Object is: MultiConsumerJmsMessageReceiver
INFO  2018-06-25 14:47:19,026 [Time-limited test] org.mule.lifecycle.AbstractLifecycleManager: Disposing: 'null'. Object is: MultiConsumerJmsMessageReceiver
INFO  2018-06-25 14:47:19,026 [Time-limited test] org.mule.processor.SedaStageLifecycleManager: Stopping service: logFlights.stage1
INFO  2018-06-25 14:47:19,104 [Time-limited test] org.mule.service.ServiceLifecycleManager: Stopping service: appleService
INFO  2018-06-25 14:47:19,104 [Time-limited test] org.mule.processor.SedaStageLifecycleManager: Stopping service: appleService
INFO  2018-06-25 14:47:19,150 [Time-limited test] org.mule.component.ComponentLifecycleManager: Stopping component: component.1835831275
INFO  2018-06-25 14:47:19,150 [Time-limited test] org.mule.lifecycle.AbstractLifecycleManager: Stopping model: _muleSystemModel
INFO  2018-06-25 14:47:19,150 [Time-limited test] org.mule.lifecycle.AbstractLifecycleManager: Stopping connector: Active_MQ
INFO  2018-06-25 14:47:19,150 [Time-limited test] org.mule.lifecycle.AbstractLifecycleManager: Stopping: 'Active_MQ.dispatcher.269751168'. Object is: EeJmsMessageDispatcher
INFO  2018-06-25 14:47:19,150 [Time-limited test] org.mule.lifecycle.AbstractLifecycleManager: Disposing: 'Active_MQ.dispatcher.269751168'. Object is: EeJmsMessageDispatcher
INFO  2018-06-25 14:47:19,150 [Time-limited test] org.mule.module.http.internal.listener.DefaultHttpListenerConfig: Stopped listener on http://0.0.0.0:8082
INFO  2018-06-25 14:47:19,151 [Time-limited test] org.mule.util.queue.QueueXaResourceManager: Stopping ResourceManager
INFO  2018-06-25 14:47:19,151 [Time-limited test] org.mule.util.queue.QueueXaResourceManager: Stopped ResourceManager
INFO  2018-06-25 14:47:19,151 [Time-limited test] org.mule.lifecycle.AbstractLifecycleManager: Disposing RegistryBroker
INFO  2018-06-25 14:47:19,151 [Time-limited test] org.mule.construct.FlowConstructLifecycleManager: Disposing flow: mavenFlow
INFO  2018-06-25 14:47:19,151 [Time-limited test] org.mule.processor.SedaStageLifecycleManager: Disposing service: mavenFlow.stage1
INFO  2018-06-25 14:47:19,151 [Time-limited test] org.mule.construct.FlowConstructLifecycleManager: Disposing flow: retrieveFlights
INFO  2018-06-25 14:47:19,151 [Time-limited test] org.mule.processor.SedaStageLifecycleManager: Disposing service: retrieveFlights.stage1
INFO  2018-06-25 14:47:19,151 [Time-limited test] org.mule.construct.FlowConstructLifecycleManager: Disposing flow: logFlights
INFO  2018-06-25 14:47:19,151 [Time-limited test] org.mule.processor.SedaStageLifecycleManager: Disposing service: logFlights.stage1
INFO  2018-06-25 14:47:19,151 [Time-limited test] org.mule.service.ServiceLifecycleManager: Disposing service: appleService
INFO  2018-06-25 14:47:19,151 [Time-limited test] org.mule.component.ComponentLifecycleManager: Disposing component: component.1835831275
INFO  2018-06-25 14:47:19,151 [Time-limited test] org.mule.processor.SedaStageLifecycleManager: Disposing service: appleService
INFO  2018-06-25 14:47:19,151 [Time-limited test] org.mule.lifecycle.AbstractLifecycleManager: Disposing model: _muleSystemModel
INFO  2018-06-25 14:47:19,245 [Time-limited test] org.mule.transport.jms.activemq.ActiveMQJmsConnector: Disconnected: ActiveMQJmsConnector
{
  name=Active_MQ
  lifecycle=stop
  this=47b88249
  numberOfConcurrentTransactedReceivers=4
  createMultipleTransactedReceivers=true
  connected=true
  supportedProtocols=[jms]
  serviceOverrides=<none>
}

INFO  2018-06-25 14:47:19,245 [Time-limited test] org.mule.lifecycle.AbstractLifecycleManager: Disposing connector: Active_MQ
INFO  2018-06-25 14:47:19,261 [Time-limited test] org.mule.config.spring.MuleArtifactContext: Closing org.mule.config.spring.MuleArtifactContext@4d63853e: startup date [Mon Jun 25 14:47:17 CEST 2018]; root of context hierarchy
INFO  2018-06-25 14:47:19,323 [Time-limited test] org.mule.DefaultMuleContext: 
**********************************************************************
* Mule Context shut down normally on: 25/06/18 14:47                 *
* Server was up for: 0 days, 0 hours, 0 mins, 1.359 sec              *
**********************************************************************
]]></system-out>
  </testcase>
</testsuite>